00:00:00.002266 main     VirtualBox XPCOM Server 6.1.32 r149290 linux.amd64 (Jan 18 2022 20:32:19) release log
00:00:00.002268 main     Log opened 2022-02-07T07:32:55.879519000Z
00:00:00.002269 main     Build Type: release
00:00:00.002270 main     OS Product: Linux
00:00:00.002270 main     OS Release: 5.16.5-zen1-1-zen
00:00:00.002271 main     OS Version: #1 ZEN SMP PREEMPT Tue, 01 Feb 2022 21:42:42 +0000
00:00:00.002286 main     DMI Product Name: XPS 15 9510
00:00:00.002290 main     DMI Product Version: 
00:00:00.002294 main     Firmware type: UEFI
00:00:00.002980 main     Secure Boot: Disabled
00:00:00.003010 main     Host RAM: 15723MB (15.3GB) total, 13116MB (12.8GB) available
00:00:00.003012 main     Executable: /usr/lib/virtualbox/VBoxSVC
00:00:00.003013 main     Process ID: 108604
00:00:00.003013 main     Package type: LINUX_64BITS_GENERIC (OSE)
00:00:00.004521 main     IPC socket path: /tmp/.vbox-juuls-ipc/ipcd
00:00:00.109524 nspr-2   VirtualBox: object creation starts
00:00:00.109633 nspr-2   Home directory: '/home/juuls/.config/VirtualBox'
00:00:00.110300 nspr-2   Loading settings file "/home/juuls/.config/VirtualBox/VirtualBox.xml" with version "1.12-linux"
00:00:00.111572 nspr-2   USB: Unknown USB device detected (idVendor: 0x8087, idProduct: 0x0026)
00:00:00.111775 nspr-2   Successfully initialised host USB using sysfs
00:00:00.121960 nspr-2   NetIfAdpCtlOut: VBoxNetAdpCtl: Error while retrieving link speed for wlp0s20f3: VBoxNetAdpCtl: ioctl failed: Operation not supported
00:00:00.122800 nspr-2   HostDnsMonitor: initializing
00:00:00.123243 nspr-2   NAT: resolv.conf: nameserver 192.168.197.160
00:00:00.123256 nspr-2   NAT: resolv.conf: nameserver 2a02:3035:807:4c2c::32
00:00:00.123267 nspr-2   HostDnsMonitor: updating information
00:00:00.123285 nspr-2   HostDnsMonitor: old information
00:00:00.123290 nspr-2     no server entries
00:00:00.123294 nspr-2     no domain set
00:00:00.123298 nspr-2     no search string entries
00:00:00.123302 nspr-2   HostDnsMonitor: new information
00:00:00.123307 nspr-2     server 1: 192.168.197.160
00:00:00.123312 nspr-2     server 2: 2a02:3035:807:4c2c::32
00:00:00.123316 nspr-2     no domain set
00:00:00.123320 nspr-2     no search string entries
00:00:00.127576 nspr-2   VD: VDInit finished with VINF_SUCCESS
00:00:00.132695 nspr-2   Loading settings file "/run/media/juuls/Zagreus Omega/BEN/BEN/ITA3/Clients/WinClient/WinClient.vbox" with version "1.15-linux"
00:00:00.133598 nspr-2   Loading settings file "/run/media/juuls/Zagreus Omega/BEN/BEN/ITA3/Servers/WinServ2016/WinServ2016.vbox" with version "1.15-linux"
00:00:00.134236 nspr-2   Loading settings file "/run/media/juuls/Zagreus Omega/BEN/Servers/OpenSuse WebServer/OpenSuse WebServer.vbox" with version "1.17-linux"
00:00:00.135481 nspr-2   Loading settings file "/run/media/juuls/Zagreus Omega/BEN/ITA2/Clients/OpenSuse Client/OpenSuse Client.vbox" with version "1.17-linux"
00:00:00.136373 nspr-2   Loading settings file "/run/media/juuls/Zagreus Omega/BEN/ITA2/Clients/Windows 10 Client/Windows 10 Client.vbox" with version "1.15-linux"
00:00:00.136998 nspr-2   Loading settings file "/run/media/juuls/Zagreus Omega/Private/Arch/Arch.vbox" with version "1.18-linux"
00:00:00.137793 nspr-2   Loading settings file "/run/media/juuls/Zagreus Omega/Private/HomeAssistant/HomeAssistant.vbox" with version "1.18-linux"
00:00:00.138371 nspr-2   Loading settings file "/run/media/juuls/Zagreus Omega/Private/WinVMPersonal/WinVMPersonal.vbox" with version "1.15-linux"
00:00:00.139046 nspr-2   Loading settings file "/run/media/juuls/Zagreus Omega/KOM/KOM/WinServ2016 Clone/WinServ2016 Clone.vbox" with version "1.15-linux"
00:00:00.140249 nspr-2   Loading settings file "/run/media/juuls/Zagreus Omega/KOM/KOM/KOM/WinClient Clone/WinClient Clone.vbox" with version "1.15-linux"
00:00:00.140887 nspr-2   Loading settings file "/run/media/juuls/Zagreus Omega/BEN/BEN/WinServ2016/WinServ2016.vbox" with version "1.15-linux"
00:00:00.141430 nspr-2   Loading settings file "/home/juuls/VirtualBox VMs/BEN/WinClient10/WinClient10.vbox" with version "1.15-linux"
00:00:00.142573 nspr-2   Loading settings file "/home/juuls/VirtualBox VMs/BEN/ITA3/Servers/cleanWinServ2016/cleanWinServ2016.vbox" with version "1.15-linux"
00:00:00.143218 nspr-2   OCI: Local config file '/home/juuls/.config/VirtualBox/oci_config' does not exist
00:00:00.143236 nspr-2   OCI: Original config file '/home/juuls/.oci/config' does not exist
00:00:00.143240 nspr-2   OCI: Reading profiles finished with status NS_OK
00:00:00.143247 nspr-2   ExtPack: Created cloud provider 'OCI' (hrc=NS_OK)
00:00:00.143262 nspr-2   VirtualBox: object created
00:00:03.210675 nspr-3   Launched VM: 201339072 pid: 108648 (0x1a868) frontend: GUI/Qt name: WinServ2016 Clone
00:00:03.994743 nspr-2   Load [/usr/lib/virtualbox/ExtensionPacks/Oracle_VM_VirtualBox_Extension_Pack/linux.amd64/VBoxHostWebcam.so] vrc=VINF_SUCCESS
00:00:04.181017 nspr-2   ERROR [COM]: aRC=VBOX_E_IPRT_ERROR (0x80bb0005) aIID={85632c68-b5bb-4316-a900-5eb28d3413df} aComponent={SessionMachine} aText={Saved screenshot data is not available (VERR_NOT_SUPPORTED)}, preserve=false aResultDetail=-37
00:00:04.241117 nspr-5   NetIfAdpCtlOut: VBoxNetAdpCtl: Error while retrieving link speed for wlp0s20f3: VBoxNetAdpCtl: ioctl failed: Operation not supported
00:00:04.307194 nspr-6   NetIfAdpCtlOut: VBoxNetAdpCtl: Error while retrieving link speed for wlp0s20f3: VBoxNetAdpCtl: ioctl failed: Operation not supported
00:00:05.140210 nspr-6   Saving settings file "/home/juuls/.config/VirtualBox/VirtualBox.xml" with version "1.12-linux"
00:00:05.149036 nspr-7   Saving settings file "/home/juuls/.config/VirtualBox/VirtualBox.xml" with version "1.12-linux"
00:00:05.160141 nspr-6   Saving settings file "/home/juuls/.config/VirtualBox/VirtualBox.xml" with version "1.12-linux"
00:00:05.165291 nspr-8   Saving settings file "/home/juuls/.config/VirtualBox/VirtualBox.xml" with version "1.12-linux"
00:00:05.169814 nspr-3   Saving settings file "/home/juuls/.config/VirtualBox/VirtualBox.xml" with version "1.12-linux"
00:00:05.174167 nspr-2   Saving settings file "/home/juuls/.config/VirtualBox/VirtualBox.xml" with version "1.12-linux"
00:00:05.178754 nspr-8   Saving settings file "/home/juuls/.config/VirtualBox/VirtualBox.xml" with version "1.12-linux"
00:00:05.184315 nspr-4   Saving settings file "/home/juuls/.config/VirtualBox/VirtualBox.xml" with version "1.12-linux"
00:00:05.192212 nspr-6   Saving settings file "/home/juuls/.config/VirtualBox/VirtualBox.xml" with version "1.12-linux"
00:00:05.198320 nspr-8   Saving settings file "/home/juuls/.config/VirtualBox/VirtualBox.xml" with version "1.12-linux"
00:00:05.202711 nspr-4   Saving settings file "/home/juuls/.config/VirtualBox/VirtualBox.xml" with version "1.12-linux"
00:00:05.206940 nspr-5   Saving settings file "/home/juuls/.config/VirtualBox/VirtualBox.xml" with version "1.12-linux"
00:00:05.215297 nspr-8   Saving settings file "/home/juuls/.config/VirtualBox/VirtualBox.xml" with version "1.12-linux"
00:00:05.219824 nspr-2   Saving settings file "/home/juuls/.config/VirtualBox/VirtualBox.xml" with version "1.12-linux"
00:00:05.224102 nspr-8   Saving settings file "/home/juuls/.config/VirtualBox/VirtualBox.xml" with version "1.12-linux"
00:00:05.228716 nspr-3   Saving settings file "/home/juuls/.config/VirtualBox/VirtualBox.xml" with version "1.12-linux"
00:00:05.233115 nspr-4   Saving settings file "/home/juuls/.config/VirtualBox/VirtualBox.xml" with version "1.12-linux"
00:00:05.237534 nspr-6   Saving settings file "/home/juuls/.config/VirtualBox/VirtualBox.xml" with version "1.12-linux"
00:00:05.242112 nspr-2   Saving settings file "/home/juuls/.config/VirtualBox/VirtualBox.xml" with version "1.12-linux"
00:00:05.246432 nspr-6   Saving settings file "/home/juuls/.config/VirtualBox/VirtualBox.xml" with version "1.12-linux"
00:00:05.251099 nspr-3   Saving settings file "/home/juuls/.config/VirtualBox/VirtualBox.xml" with version "1.12-linux"
00:00:05.255556 nspr-7   Saving settings file "/home/juuls/.config/VirtualBox/VirtualBox.xml" with version "1.12-linux"
00:00:05.259990 nspr-5   Saving settings file "/home/juuls/.config/VirtualBox/VirtualBox.xml" with version "1.12-linux"
00:02:21.036797 nspr-6   Saving settings file "/run/media/juuls/Zagreus Omega/KOM/KOM/WinServ2016 Clone/WinServ2016 Clone.vbox" with version "1.15-linux"
00:25:11.976337 nspr-3   Saving settings file "/run/media/juuls/Zagreus Omega/KOM/KOM/WinServ2016 Clone/WinServ2016 Clone.vbox" with version "1.15-linux"
00:25:17.887767 main     VirtualBox: object deletion starts
00:25:17.887824 main     ERROR [COM]: aRC=VBOX_E_OBJECT_IN_USE (0x80bb000c) aIID={ad47ad09-787b-44ab-b343-a082a3f2dfb1} aComponent={MediumWrap} aText={Medium '/run/media/juuls/Zagreus Omega/BEN/BEN/ITA3/Clients/WinClient/WinClient.vdi' cannot be closed because it is still attached to 1 virtual machines}, preserve=false aResultDetail=0
00:25:17.887919 main     ERROR [COM]: aRC=VBOX_E_OBJECT_IN_USE (0x80bb000c) aIID={ad47ad09-787b-44ab-b343-a082a3f2dfb1} aComponent={MediumWrap} aText={Medium '/run/media/juuls/Zagreus Omega/BEN/BEN/ITA3/Servers/WinServ2016/WinServ2016.vdi' cannot be closed because it is still attached to 1 virtual machines}, preserve=false aResultDetail=0
00:25:17.887925 main     ERROR [COM]: aRC=VBOX_E_OBJECT_IN_USE (0x80bb000c) aIID={ad47ad09-787b-44ab-b343-a082a3f2dfb1} aComponent={MediumWrap} aText={Medium '/run/media/juuls/Zagreus Omega/BEN/BEN/ITA3/Servers/WinServ2016/RAID_Vol_1.vdi' cannot be closed because it is still attached to 1 virtual machines}, preserve=false aResultDetail=0
00:25:17.887929 main     ERROR [COM]: aRC=VBOX_E_OBJECT_IN_USE (0x80bb000c) aIID={ad47ad09-787b-44ab-b343-a082a3f2dfb1} aComponent={MediumWrap} aText={Medium '/run/media/juuls/Zagreus Omega/BEN/BEN/ITA3/Servers/WinServ2016/RAID_Vol_2.vdi' cannot be closed because it is still attached to 1 virtual machines}, preserve=false aResultDetail=0
00:25:17.887932 main     ERROR [COM]: aRC=VBOX_E_OBJECT_IN_USE (0x80bb000c) aIID={ad47ad09-787b-44ab-b343-a082a3f2dfb1} aComponent={MediumWrap} aText={Medium '/run/media/juuls/Zagreus Omega/BEN/BEN/ITA3/Servers/WinServ2016/RAID_Vol_3.vdi' cannot be closed because it is still attached to 1 virtual machines}, preserve=false aResultDetail=0
00:25:17.887980 main     ERROR [COM]: aRC=VBOX_E_OBJECT_IN_USE (0x80bb000c) aIID={ad47ad09-787b-44ab-b343-a082a3f2dfb1} aComponent={MediumWrap} aText={Medium '/run/media/juuls/Zagreus Omega/BEN/Servers/OpenSuse WebServer/OpenSuse WEB.vdi' cannot be closed because it is still attached to 1 virtual machines}, preserve=false aResultDetail=0
00:25:17.888023 main     ERROR [COM]: aRC=VBOX_E_OBJECT_IN_USE (0x80bb000c) aIID={ad47ad09-787b-44ab-b343-a082a3f2dfb1} aComponent={MediumWrap} aText={Medium '/run/media/juuls/Zagreus Omega/BEN/ITA2/Clients/OpenSuse Client/OpenSuseGUI.vdi' cannot be closed because it is still attached to 1 virtual machines}, preserve=false aResultDetail=0
00:25:17.888064 main     ERROR [COM]: aRC=VBOX_E_OBJECT_IN_USE (0x80bb000c) aIID={ad47ad09-787b-44ab-b343-a082a3f2dfb1} aComponent={MediumWrap} aText={Medium '/run/media/juuls/Zagreus Omega/BEN/ITA2/Clients/Windows 10 Client/WIn10.vdi' cannot be closed because it is still attached to 1 virtual machines}, preserve=false aResultDetail=0
00:25:17.888122 main     ERROR [COM]: aRC=VBOX_E_OBJECT_IN_USE (0x80bb000c) aIID={ad47ad09-787b-44ab-b343-a082a3f2dfb1} aComponent={MediumWrap} aText={Medium '/run/media/juuls/Zagreus Omega/Private/Arch/Arch_2.vdi' cannot be closed because it is still attached to 1 virtual machines}, preserve=false aResultDetail=0
00:25:17.888167 main     ERROR [COM]: aRC=VBOX_E_OBJECT_IN_USE (0x80bb000c) aIID={ad47ad09-787b-44ab-b343-a082a3f2dfb1} aComponent={MediumWrap} aText={Medium '/home/juuls/Downloads/hassos_ova-5.13.vdi' cannot be closed because it is still attached to 1 virtual machines}, preserve=false aResultDetail=0
00:25:17.888205 main     ERROR [COM]: aRC=VBOX_E_OBJECT_IN_USE (0x80bb000c) aIID={ad47ad09-787b-44ab-b343-a082a3f2dfb1} aComponent={MediumWrap} aText={Medium '/run/media/juuls/Zagreus Omega/Private/WinVMPersonal/WinVMPersonal.vdi' cannot be closed because it is still attached to 1 virtual machines}, preserve=false aResultDetail=0
00:25:17.888248 main     ERROR [COM]: aRC=VBOX_E_OBJECT_IN_USE (0x80bb000c) aIID={ad47ad09-787b-44ab-b343-a082a3f2dfb1} aComponent={MediumWrap} aText={Medium '/run/media/juuls/Zagreus Omega/KOM/KOM/WinServ2016 Clone/WinServ2016 Clone.vdi' cannot be closed because it is still attached to 1 virtual machines}, preserve=false aResultDetail=0
00:25:17.888265 main     ERROR [COM]: aRC=VBOX_E_OBJECT_IN_USE (0x80bb000c) aIID={ad47ad09-787b-44ab-b343-a082a3f2dfb1} aComponent={MediumWrap} aText={Medium '/run/media/juuls/Zagreus Omega/KOM/KOM/WinServ2016 Clone/WinServ2016 Clone-disk1.vdi' cannot be closed because it is still attached to 1 virtual machines}, preserve=false aResultDetail=0
00:25:17.888269 main     ERROR [COM]: aRC=VBOX_E_OBJECT_IN_USE (0x80bb000c) aIID={ad47ad09-787b-44ab-b343-a082a3f2dfb1} aComponent={MediumWrap} aText={Medium '/run/media/juuls/Zagreus Omega/KOM/KOM/WinServ2016 Clone/WinServ2016 Clone-disk2.vdi' cannot be closed because it is still attached to 1 virtual machines}, preserve=false aResultDetail=0
00:25:17.888273 main     ERROR [COM]: aRC=VBOX_E_OBJECT_IN_USE (0x80bb000c) aIID={ad47ad09-787b-44ab-b343-a082a3f2dfb1} aComponent={MediumWrap} aText={Medium '/run/media/juuls/Zagreus Omega/KOM/KOM/WinServ2016 Clone/WinServ2016 Clone-disk3.vdi' cannot be closed because it is still attached to 1 virtual machines}, preserve=false aResultDetail=0
00:25:17.888330 main     ERROR [COM]: aRC=VBOX_E_OBJECT_IN_USE (0x80bb000c) aIID={ad47ad09-787b-44ab-b343-a082a3f2dfb1} aComponent={MediumWrap} aText={Medium '/run/media/juuls/Zagreus Omega/KOM/KOM/KOM/WinClient Clone/WinClient Clone.vdi' cannot be closed because it is still attached to 1 virtual machines}, preserve=false aResultDetail=0
00:25:17.888369 main     ERROR [COM]: aRC=VBOX_E_OBJECT_IN_USE (0x80bb000c) aIID={ad47ad09-787b-44ab-b343-a082a3f2dfb1} aComponent={MediumWrap} aText={Medium '/run/media/juuls/Zagreus Omega/BEN/BEN/WinServ2016/WinServ2016.vdi' cannot be closed because it is still attached to 1 virtual machines}, preserve=false aResultDetail=0
00:25:17.888408 main     ERROR [COM]: aRC=VBOX_E_OBJECT_IN_USE (0x80bb000c) aIID={ad47ad09-787b-44ab-b343-a082a3f2dfb1} aComponent={MediumWrap} aText={Medium '/home/juuls/VirtualBox VMs/BEN/WinClient10/WinClient10.vdi' cannot be closed because it is still attached to 1 virtual machines}, preserve=false aResultDetail=0
00:25:17.888449 main     ERROR [COM]: aRC=VBOX_E_OBJECT_IN_USE (0x80bb000c) aIID={ad47ad09-787b-44ab-b343-a082a3f2dfb1} aComponent={MediumWrap} aText={Medium '/run/media/juuls/Zagreus Omega/BEN/BEN/ITA3/Servers/WinServ2016_clean/cleanWinServ2016.vdi' cannot be closed because it is still attached to 1 virtual machines}, preserve=false aResultDetail=0
00:25:17.888608 main     HostDnsMonitor: shutting down ...
00:25:17.892749 main     HostDnsMonitor: shut down
00:25:17.983829 Watcher  ERROR [COM]: aRC=E_ACCESSDENIED (0x80070005) aIID={d0a0163f-e254-4e5b-a1f2-011cf991c38d} aComponent={VirtualBoxWrap} aText={The object is not ready}, preserve=false aResultDetail=0
00:25:22.896827 main     {00007f5710019b40} HostPowerServiceLinux::~HostPowerServiceLinux: RTThreadWait() for 5000 ms failed with VERR_TIMEOUT
00:25:22.897408 main     VirtualBox: object deleted
